<?xml version="1.0" encoding="UTF-8"?>
<!-- Generated by org.testng.reporters.JUnitReportReporter -->
<testsuite hostname="INBASDLP02087" name="microservice.demo.SeleniumTests" tests="1" failures="0" timestamp="3 Oct 2016 10:33:36 GMT" time="18.832" errors="0">
  <testcase name="first" time="18.832" classname="microservice.demo.SeleniumTests"/>
</testsuite> <!-- microservice.demo.SeleniumTests -->
