<?xml version="1.0" encoding="UTF-8"?>
<!-- Generated by org.testng.reporters.JUnitReportReporter -->
<testsuite hostname="SAITAMMA-0WUQ0" name="microservice.demo.SeleniumIT" tests="1" failures="0" timestamp="5 Oct 2016 09:45:52 GMT" time="11.898" errors="0">
  <testcase name="testEasy" time="11.898" classname="microservice.demo.SeleniumIT"/>
</testsuite> <!-- microservice.demo.SeleniumIT -->
