<?xml version="1.0" encoding="UTF-8"?>
<!-- Generated by org.testng.reporters.JUnitReportReporter -->
<testsuite hostname="INBASDLP02087" name="microservice.demo.SeleniumCheck" tests="1" failures="0" timestamp="30 Sep 2016 11:25:36 GMT" time="9.467" errors="0">
  <testcase name="first" time="9.467" classname="microservice.demo.SeleniumCheck"/>
</testsuite> <!-- microservice.demo.SeleniumCheck -->
