<?xml version="1.0" encoding="UTF-8"?>
<!-- Generated by org.testng.reporters.JUnitReportReporter -->
<testsuite hostname="INBASDLP02087" name="microservice.demo.ExampleTest" tests="1" failures="0" timestamp="30 Sep 2016 07:20:16 GMT" time="9.968" errors="0">
  <testcase name="first" time="9.968" classname="microservice.demo.ExampleTest"/>
</testsuite> <!-- microservice.demo.ExampleTest -->
